# JRE version: OpenJDK Runtime Environment (25.0.2+10) (build 25.0.2+10-69)
# Java VM: OpenJDK 64-Bit Server VM (25.0.2+10-69, mixed mode, sharing, tiered, compressed oops, compressed class ptrs, g1 gc, windows-amd64)
GC Precious Log:
 CardTable entry size: 512
 Card Set container configuration: InlinePtr #cards 4 size 8 Array Of Cards #cards 16 size 48 Howl #buckets 8 coarsen threshold 3686 Howl Bitmap #cards 512 size 80 coarsen threshold 460 Card regions per heap region 1 cards per card region 4096
 CPUs: 4 total, 4 available
 Memory: 16248M
 Large Page Support: Disabled
 NUMA Support: Disabled
 Compressed Oops: Enabled (Zero based)
 Heap Region Size: 2M
 Heap Min Capacity: 8M
 Heap Initial Capacity: 254M
 Heap Max Capacity: 4064M
 Pre-touch: Disabled
 Parallel Workers: 4
 Concurrent Workers: 1
 Concurrent Refinement Workers: 4
 Periodic GC: Disabled
Heap:
 garbage-first heap   total reserved 4161536K, committed 40960K, used 19997K [0x0000000702000000, 0x0000000800000000)
  region size 2048K, 5 young (10240K), 2 survivors (4096K)
GC Heap Usage History (14 events):
Event: 0.983 {heap Before GC invocations=0 (full 0):
 garbage-first heap   total reserved 4161536K, committed 262144K, used 27795K [0x0000000702000000, 0x0000000800000000)
  region size 2048K, 14 young (28672K), 0 survivors (0K)
}
Event: 0.990 {heap After GC invocations=1 (full 0):
 garbage-first heap   total reserved 4161536K, committed 262144K, used 7891K [0x0000000702000000, 0x0000000800000000)
  region size 2048K, 2 young (4096K), 2 survivors (4096K)
}
Event: 1.947 {heap Before GC invocations=1 (full 0):
 garbage-first heap   total reserved 4161536K, committed 262144K, used 44755K [0x0000000702000000, 0x0000000800000000)
  region size 2048K, 22 young (45056K), 2 survivors (4096K)
}
Event: 1.953 {heap After GC invocations=2 (full 0):
 garbage-first heap   total reserved 4161536K, committed 262144K, used 9824K [0x0000000702000000, 0x0000000800000000)
  region size 2048K, 3 young (6144K), 3 survivors (6144K)
}
Event: 2.547 {heap Before GC invocations=3 (full 0):
 garbage-first heap   total reserved 4161536K, committed 40960K, used 28256K [0x0000000702000000, 0x0000000800000000)
  region size 2048K, 12 young (24576K), 3 survivors (6144K)
}
Event: 2.558 {heap After GC invocations=4 (full 0):
 garbage-first heap   total reserved 4161536K, committed 40960K, used 10885K [0x0000000702000000, 0x0000000800000000)
  region size 2048K, 2 young (4096K), 2 survivors (4096K)
}
Event: 88.185 {heap Before GC invocations=4 (full 0):
 garbage-first heap   total reserved 4161536K, committed 40960K, used 27269K [0x0000000702000000, 0x0000000800000000)
  region size 2048K, 10 young (20480K), 2 survivors (4096K)
}
Event: 88.196 {heap After GC invocations=5 (full 0):
 garbage-first heap   total reserved 4161536K, committed 40960K, used 11643K [0x0000000702000000, 0x0000000800000000)
  region size 2048K, 2 young (4096K), 2 survivors (4096K)
}
Event: 88.566 {heap Before GC invocations=5 (full 0):
 garbage-first heap   total reserved 4161536K, committed 40960K, used 28027K [0x0000000702000000, 0x0000000800000000)
  region size 2048K, 10 young (20480K), 2 survivors (4096K)
}
Event: 88.573 {heap After GC invocations=6 (full 0):
 garbage-first heap   total reserved 4161536K, committed 40960K, used 13582K [0x0000000702000000, 0x0000000800000000)
  region size 2048K, 2 young (4096K), 2 survivors (4096K)
}
Event: 105.682 {heap Before GC invocations=6 (full 0):
 garbage-first heap   total reserved 4161536K, committed 40960K, used 27918K [0x0000000702000000, 0x0000000800000000)
  region size 2048K, 10 young (20480K), 2 survivors (4096K)
}
Event: 105.712 {heap After GC invocations=7 (full 0):
 garbage-first heap   total reserved 4161536K, committed 40960K, used 14466K [0x0000000702000000, 0x0000000800000000)
  region size 2048K, 2 young (4096K), 2 survivors (4096K)
}
Event: 120.386 {heap Before GC invocations=7 (full 0):
 garbage-first heap   total reserved 4161536K, committed 40960K, used 26754K [0x0000000702000000, 0x0000000800000000)
  region size 2048K, 9 young (18432K), 2 survivors (4096K)
}
Event: 120.394 {heap After GC invocations=8 (full 0):
 garbage-first heap   total reserved 4161536K, committed 40960K, used 15901K [0x0000000702000000, 0x0000000800000000)
  region size 2048K, 2 young (4096K), 2 survivors (4096K)
}

